15/7/2023 12:18:49	Este registro contiene información acerca de la operación de importación de esquema en el proyecto 'DataBase' del equipo 'INFORMATICA06' por el usuario 'victor.yanez'.
15/7/2023 12:18:50	Se inició la importación del esquema de la base de datos.
15/7/2023 12:19:01	Recopilando credenciales de la base de datos
15/7/2023 12:19:01	Recopilando opciones de base de datos
15/7/2023 12:19:01	Recopilando la opción de configuración de ámbito de la base de datos genérica
15/7/2023 12:19:01	Recopilando usuarios
15/7/2023 12:19:01	Recopilando roles
15/7/2023 12:19:01	Recopilando roles de aplicación
15/7/2023 12:19:01	Recopilando pertenencias a roles
15/7/2023 12:19:01	Recopilando grupos de archivos
15/7/2023 12:19:01	Recopilando catálogos de texto completo
15/7/2023 12:19:01	Recopilando ensamblados
15/7/2023 12:19:01	Recopilando certificados
15/7/2023 12:19:01	Recopilando claves asimétricas
15/7/2023 12:19:01	Recopilando claves simétricas
15/7/2023 12:19:01	Recopilando claves simétricas cifradas
15/7/2023 12:19:01	Recopilando esquemas
15/7/2023 12:19:01	Recopilando colecciones de esquemas XML
15/7/2023 12:19:01	Recopilando tipos de datos definidos por el usuario
15/7/2023 12:19:01	Recopilando tipos definidos por el usuario
15/7/2023 12:19:01	Recopilando tipos de tabla
15/7/2023 12:19:01	Recopilando claves únicas para tipos de tabla
15/7/2023 12:19:01	Recopilando claves principales para tipos de tabla
15/7/2023 12:19:01	Recopilando índices para tipos de tablas
15/7/2023 12:19:20	Recopilando restricciones CHECK para tipos de tabla
15/7/2023 12:19:20	Recopilando restricciones DEFAULT para tipos de tabla
15/7/2023 12:19:20	Recopilando funciones de partición
15/7/2023 12:19:20	Recopilando esquemas de partición
15/7/2023 12:19:20	Recopilando funciones
15/7/2023 12:19:20	Recopilando funciones cifradas
15/7/2023 12:19:20	Recopilando agregados
15/7/2023 12:19:20	Recopilando procedimientos
15/7/2023 12:19:21	Recopilando procedimientos cifrados
15/7/2023 12:19:21	Recopilando tablas
15/7/2023 12:19:46	Recopilando claves principales
15/7/2023 12:19:46	Recopilando restricciones UNIQUE
15/7/2023 12:19:46	Recopilando claves externas
15/7/2023 12:19:46	Recopilando restricciones DEFAULT
15/7/2023 12:19:46	Recopilando restricciones CHECK
15/7/2023 12:19:46	Recopilando vistas
15/7/2023 12:19:46	Recopilando vistas cifradas
15/7/2023 12:19:46	Recopilando índices
15/7/2023 12:19:46	Recopilando estadísticas
15/7/2023 12:19:46	Recopilando listas de palabras irrelevantes de índices de texto completo
15/7/2023 12:19:46	Recopilando listas de propiedades de búsqueda
15/7/2023 12:19:46	Recopilando propiedades de búsqueda
15/7/2023 12:19:46	Recopilando índices de texto completo
15/7/2023 12:19:46	Recopilando índices de almacenamiento de columnas
15/7/2023 12:19:46	Recopilando índices espaciales
15/7/2023 12:19:46	Recopilando índices XML
15/7/2023 12:19:47	Recopilando índices XML selectivos
15/7/2023 12:19:47	Recopilando desencadenadores cifrados
15/7/2023 12:19:47	Recopilando desencadenadores
15/7/2023 12:19:47	Recopilando DDL triggers cifrados y de CLR
15/7/2023 12:19:47	Recopilando DDL triggers
15/7/2023 12:19:47	Creación de la restricción perimetral en curso
15/7/2023 12:19:47	Recopilando sinónimos
15/7/2023 12:19:47	Recopilando valores predeterminados
15/7/2023 12:19:47	Recopilando enlaces UDDT de restricción de datos
15/7/2023 12:19:47	Recopilando reglas
15/7/2023 12:19:47	Recopilando enlaces UDDT de restricción de datos
15/7/2023 12:19:47	Recopilando tipos de mensaje
15/7/2023 12:19:47	Recopilando colas
15/7/2023 12:19:47	Recopilando contratos
15/7/2023 12:19:47	Recopilando servicios
15/7/2023 12:19:47	Recopilando notificaciones de eventos
15/7/2023 12:19:47	Recopilando enlaces de servicio remoto
15/7/2023 12:19:47	Recopilando prioridades de Broker
15/7/2023 12:19:47	Recopilando firmas
15/7/2023 12:19:47	Recopilando opciones de compresión de datos
15/7/2023 12:19:47	Recopilando tipos de secuencia
15/7/2023 12:19:47	Recopilando directivas de seguridad
15/7/2023 12:19:47	Recopilar claves de cifrado de columna
15/7/2023 12:19:47	Recopilando claves maestras de columna
15/7/2023 12:19:47	Recopilando orígenes de datos externos
15/7/2023 12:19:47	Recopilando formatos de archivo externos
15/7/2023 12:19:47	Recopilando tablas externas
15/7/2023 12:19:47	Recopilando propiedades extendidas
15/7/2023 12:19:47	Recopilando ensamblados
15/7/2023 12:19:47	Recopilando credenciales
15/7/2023 12:19:47	Recopilando inicios de sesión
15/7/2023 12:19:47	Recopilando auditorías de servidor
15/7/2023 12:19:47	Buscando elementos duplicados en el proyecto
15/7/2023 12:19:48	Ha finalizado el procesamiento de los elementos duplicados
15/7/2023 12:19:49	Finalizó la importación de la base de datos.
15/7/2023 12:19:49	Se guardó un resumen de la importación en la siguiente ubicación: C:\Users\victor.yanez\source\repos\GestionImpresoras\DataBase\Registros de importación de esquemas\DataBase_20230715061849.log
15/7/2023 12:19:49	Haga clic en Finalizar para continuar...
